2023-02-05 14:02:769 INFO  HomePage :31 - clicking on login link : [[ChromeDriver: chrome on WINDOWS (f1e40de89a0c397243a9dad9f47a66fb)] -> link text: Log in]
2023-02-05 14:02:938 INFO  HomePage :31 - clicking on login link : [[ChromeDriver: chrome on WINDOWS (ce239de51f9e5cb3a9f42fbf296a7b2f)] -> link text: Log in]
2023-02-05 14:02:42 INFO  LoginPage :41 - getting text from : [[ChromeDriver: chrome on WINDOWS (ce239de51f9e5cb3a9f42fbf296a7b2f)] -> xpath: //h1[contains(text(),'Welcome, Please Sign In!')]]
2023-02-05 14:02:881 INFO  HomePage :31 - clicking on login link : [[ChromeDriver: chrome on WINDOWS (d662ea61ff0e758e48d603209baef161)] -> link text: Log in]
2023-02-05 14:02:524 INFO  HomePage :31 - clicking on login link : [[ChromeDriver: chrome on WINDOWS (4eae3156dd3335f8af6e01dce30857e5)] -> link text: Log in]
2023-02-05 14:02:590 INFO  LoginPage :41 - getting text from : [[ChromeDriver: chrome on WINDOWS (4eae3156dd3335f8af6e01dce30857e5)] -> xpath: //h1[contains(text(),'Welcome, Please Sign In!')]]
2023-02-05 14:02:589 INFO  HomePage :31 - clicking on login link : [[ChromeDriver: chrome on WINDOWS (757b8c0daca31ffc55eadb5a72c76226)] -> link text: Log in]
2023-02-05 14:02:355 INFO  HomePage :31 - clicking on login link : [[ChromeDriver: chrome on WINDOWS (acf1ad7a7e59b7ddc80882454cb09e6f)] -> link text: Log in]
2023-02-05 14:02:407 INFO  LoginPage :41 - getting text from : [[ChromeDriver: chrome on WINDOWS (acf1ad7a7e59b7ddc80882454cb09e6f)] -> xpath: //h1[contains(text(),'Welcome, Please Sign In!')]]
2023-02-05 14:02:331 INFO  HomePage :31 - clicking on login link : [[ChromeDriver: chrome on WINDOWS (a053566ee5c2501ca0e1a6b649a26877)] -> link text: Log in]
2023-02-05 14:02:226 INFO  HomePage :31 - clicking on login link : [[ChromeDriver: chrome on WINDOWS (4e2f32fac4c7de68540972c710555009)] -> link text: Log in]
2023-02-05 14:02:322 INFO  LoginPage :41 - getting text from : [[ChromeDriver: chrome on WINDOWS (4e2f32fac4c7de68540972c710555009)] -> xpath: //h1[contains(text(),'Welcome, Please Sign In!')]]
2023-02-05 15:02:744 INFO  HomePage :31 - clicking on login link : [[ChromeDriver: chrome on WINDOWS (2eb22b251e34142f9de4e94c6f07a006)] -> link text: Log in]
2023-02-05 15:02:87 INFO  HomePage :31 - clicking on login link : [[ChromeDriver: chrome on WINDOWS (ae1fe5f2b93863c6c49d89454daceb79)] -> link text: Log in]
2023-02-05 15:02:132 INFO  LoginPage :41 - getting text from : [[ChromeDriver: chrome on WINDOWS (ae1fe5f2b93863c6c49d89454daceb79)] -> xpath: //h1[contains(text(),'Welcome, Please Sign In!')]]
2023-02-08 22:02:247 INFO  HomePage :67 - Clicking on HomeDropDown[[ChromeDriver: chrome on WINDOWS (dce8be4b9394f0cc721e9de9ff161d00)] -> xpath: //i[@class='oxd-icon bi-caret-down-fill oxd-userdropdown-icon']]
2023-02-08 22:02:980 INFO  HomePage :71 - Click on logoutProxy element for: DefaultElementLocator 'By.xpath: //li[@class='--active oxd-userdropdown']/ul/li[4]'
2023-02-08 22:02:610 INFO  HomePage :42 - Click on Admin Tab[[ChromeDriver: chrome on WINDOWS (d08b3491a7e382168e2b6ae425a0db09)] -> xpath: //nav[@class='oxd-navbar-nav']/div[2]/ul/li[1]]
2023-02-08 22:02:876 INFO  ViewSystemUserPage :98 - Clicking on Add Button[[ChromeDriver: chrome on WINDOWS (d08b3491a7e382168e2b6ae425a0db09)] -> xpath: //div[@class='orangehrm-header-container']/button]
2023-02-08 22:02:211 INFO  HomePage :42 - Click on Admin Tab[[ChromeDriver: chrome on WINDOWS (13b24aa999e3c788578f4d01053d0277)] -> xpath: //nav[@class='oxd-navbar-nav']/div[2]/ul/li[1]]
2023-02-08 22:02:475 INFO  ViewSystemUserPage :88 - Click on Search Button[[ChromeDriver: chrome on WINDOWS (13b24aa999e3c788578f4d01053d0277)] -> xpath: //div[@class='oxd-form-actions']/button[2]]
2023-02-08 22:02:117 INFO  HomePage :42 - Click on Admin Tab[[ChromeDriver: chrome on WINDOWS (0e38c60942f0c23132d65e19b9912745)] -> xpath: //nav[@class='oxd-navbar-nav']/div[2]/ul/li[1]]
2023-02-08 22:02:736 INFO  ViewSystemUserPage :88 - Click on Search Button[[ChromeDriver: chrome on WINDOWS (0e38c60942f0c23132d65e19b9912745)] -> xpath: //div[@class='oxd-form-actions']/button[2]]
2023-02-08 22:02:412 INFO  HomePage :42 - Click on Admin Tab[[ChromeDriver: chrome on WINDOWS (0176a12a2288dc40e59c5f7df87f16ca)] -> xpath: //nav[@class='oxd-navbar-nav']/div[2]/ul/li[1]]
2023-02-08 22:02:482 INFO  ViewSystemUserPage :88 - Click on Search Button[[ChromeDriver: chrome on WINDOWS (0176a12a2288dc40e59c5f7df87f16ca)] -> xpath: //div[@class='oxd-form-actions']/button[2]]
